<?xml version="1.0" encoding="UTF-8"?>
<testng-results skipped="0" failed="0" ignored="0" total="1" passed="1">
  <reporter-output>
  </reporter-output>
  <suite name="Default suite" duration-ms="23270" started-at="2020-01-27T12:34:38 IST" finished-at="2020-01-27T12:35:02 IST">
    <groups>
    </groups>
    <test name="Default test" duration-ms="23270" started-at="2020-01-27T12:34:38 IST" finished-at="2020-01-27T12:35:02 IST">
      <class name="com.OrangeHrm.generics.Baseclass">
        <test-method status="PASS" signature="OpenBrowser()[pri:0, instance:com.OrangeHrm.generics.Baseclass@4493d195]" name="OpenBrowser" is-config="true" duration-ms="9664" started-at="2020-01-27T12:34:38 IST" finished-at="2020-01-27T12:34:48 IST">
          <reporter-output>
          </reporter-output>
        </test-method> <!-- OpenBrowser -->
        <test-method status="PASS" signature="Login()[pri:0, instance:com.OrangeHrm.generics.Baseclass@4493d195]" name="Login" duration-ms="8926" started-at="2020-01-27T12:34:48 IST" finished-at="2020-01-27T12:34:57 IST">
          <reporter-output>
          </reporter-output>
        </test-method> <!-- Login -->
        <test-method status="PASS" signature="LogOut()[pri:0, instance:com.OrangeHrm.generics.Baseclass@4493d195]" name="LogOut" is-config="true" duration-ms="4564" started-at="2020-01-27T12:34:57 IST" finished-at="2020-01-27T12:35:02 IST">
          <reporter-output>
          </reporter-output>
        </test-method> <!-- LogOut -->
        <test-method status="PASS" signature="CloseBrowser()[pri:0, instance:com.OrangeHrm.generics.Baseclass@4493d195]" name="CloseBrowser" is-config="true" duration-ms="64" started-at="2020-01-27T12:35:02 IST" finished-at="2020-01-27T12:35:02 IST">
          <reporter-output>
          </reporter-output>
        </test-method> <!-- CloseBrowser -->
      </class> <!-- com.OrangeHrm.generics.Baseclass -->
    </test> <!-- Default test -->
  </suite> <!-- Default suite -->
</testng-results>
